<?xml version="1.0" encoding="UTF-8"?>
<!-- Generated by org.testng.reporters.JUnitReportReporter -->
<testsuite hostname="DESKTOP-8M6LUDN" name="org.me.sonikumari.java.sample.testing.testNG.GroupBTestNG" tests="2" failures="0" timestamp="2 Nov 2017 14:10:38 GMT" time="1.293" errors="0">
  <testcase name="test2" time="0.855" classname="org.me.sonikumari.java.sample.testing.testNG.GroupBTestNG"/>
  <testcase name="test1" time="0.438" classname="org.me.sonikumari.java.sample.testing.testNG.GroupBTestNG"/>
</testsuite> <!-- org.me.sonikumari.java.sample.testing.testNG.GroupBTestNG -->
