<?xml version="1.0" encoding="UTF-8"?>
<!-- Generated by org.testng.reporters.JUnitReportReporter -->
<testsuite hostname="DESKTOP-8M6LUDN" name="org.me.sonikumari.java.sample.testing.testNG.GroupATestNG" tests="2" failures="0" timestamp="2 Nov 2017 14:10:38 GMT" time="12.090" errors="0">
  <testcase name="test1" time="4.055" classname="org.me.sonikumari.java.sample.testing.testNG.GroupATestNG"/>
  <testcase name="test2" time="8.035" classname="org.me.sonikumari.java.sample.testing.testNG.GroupATestNG"/>
</testsuite> <!-- org.me.sonikumari.java.sample.testing.testNG.GroupATestNG -->
